\BOOKMARK [0][-]{chapter.1}{Weektabel}{}% 1
\BOOKMARK [0][-]{chapter.2}{Inleiding}{}% 2
\BOOKMARK [1][-]{section.2.1}{Voorbereiding - Software installeren}{chapter.2}% 3
\BOOKMARK [1][-]{section.2.2}{Eerste gebruik van de RockPi}{chapter.2}% 4
\BOOKMARK [1][-]{section.2.3}{Inloggen met VNC}{chapter.2}% 5
\BOOKMARK [1][-]{section.2.4}{USB Stick voorbereiden}{chapter.2}% 6
\BOOKMARK [0][-]{chapter.3}{Klassen en objecten in C++}{}% 7
\BOOKMARK [1][-]{section.3.1}{Werken met de RockPi.}{chapter.3}% 8
\BOOKMARK [2][-]{subsection.3.1.1}{Verbinding opzetten met de RockPi}{section.3.1}% 9
\BOOKMARK [2][-]{subsection.3.1.2}{Het aansturen van een LED.}{section.3.1}% 10
\BOOKMARK [1][-]{section.3.2}{Het werken vanuit Visual Studio Code}{chapter.3}% 11
\BOOKMARK [1][-]{section.3.3}{Het werken met de DDD visuele debugger.}{chapter.3}% 12
\BOOKMARK [0][-]{chapter.4}{Afgeleide klassen en objecten in C++}{}% 13
\BOOKMARK [1][-]{section.4.1}{De Klasse SingleLed}{chapter.4}% 14
\BOOKMARK [1][-]{section.4.2}{De Klasse RGBLed}{chapter.4}% 15
\BOOKMARK [0][-]{chapter.5}{Compositie en aggregatie.}{}% 16
\BOOKMARK [1][-]{section.5.1}{De klasse Tijdsduur.}{chapter.5}% 17
\BOOKMARK [1][-]{section.5.2}{De klasse Logled}{chapter.5}% 18
\BOOKMARK [0][-]{chapter.6}{Het gebruik van Exceptions bij meerdere objecten.}{}% 19
\BOOKMARK [1][-]{section.6.1}{Exceptions}{chapter.6}% 20
\BOOKMARK [1][-]{section.6.2}{Toepassen van 1 op 0..5 multipliciteit.}{chapter.6}% 21
\BOOKMARK [0][-]{chapter.7}{Introductie in unit testing}{}% 22
\BOOKMARK [1][-]{section.7.1}{Deel 1, introductie}{chapter.7}% 23
\BOOKMARK [1][-]{section.7.2}{Deel2, een eigen test}{chapter.7}% 24
\BOOKMARK [0][-]{section*.33}{Appendices}{}% 25
\BOOKMARK [0][-]{B"ylage.1.A}{Installeren van de practicum omgeving}{}% 26
\BOOKMARK [1][-]{section.1.A.1}{De VNC viewer}{B"ylage.1.A}% 27
\BOOKMARK [1][-]{section.1.A.2}{Het gebruik van 'Visual Studio Code'}{B"ylage.1.A}% 28
\BOOKMARK [0][-]{B"ylage.1.B}{Tips\046Tricks\046Troubleshooting voor Linux omgeving}{}% 29
\BOOKMARK [1][-]{section.1.B.1}{Troubleshooting}{B"ylage.1.B}% 30
\BOOKMARK [1][-]{section.1.B.2}{Tips}{B"ylage.1.B}% 31
\BOOKMARK [1][-]{section.1.B.3}{Linux commando's \(zie ook tips in B.2\)}{B"ylage.1.B}% 32
\BOOKMARK [1][-]{section.1.B.4}{Uitleg GPIO poorten in Linux}{B"ylage.1.B}% 33
\BOOKMARK [0][-]{B"ylage.1.C}{Voorbeeld code}{}% 34
\BOOKMARK [1][-]{section.1.C.1}{De klasse Aanwezigheid}{B"ylage.1.C}% 35
\BOOKMARK [1][-]{section.1.C.2}{De klasse Breuk}{B"ylage.1.C}% 36
\BOOKMARK [1][-]{section.1.C.3}{De verschillende honden klassen}{B"ylage.1.C}% 37
\BOOKMARK [2][-]{subsection.1.C.3.1}{De klasse Hond}{section.1.C.3}% 38
\BOOKMARK [2][-]{subsection.1.C.3.2}{De klasse Tekkel}{section.1.C.3}% 39
\BOOKMARK [2][-]{subsection.1.C.3.3}{De klasse SintBernard}{section.1.C.3}% 40
