This is pdfTeX, Version 3.141592653-2.6-1.40.22 (TeX Live 2022/dev/Debian) (preloaded format=pdflatex 2023.2.3)  14 MAR 2023 15:05
entering extended mode
 restricted \write18 enabled.
 %&-line parsing enabled.
**OOPopdrachten.tex
(./OOPopdrachten.tex
LaTeX2e <2021-11-15> patch level 1
L3 programming layer <2022-01-21>
(/usr/share/texlive/texmf-dist/tex/latex/base/report.cls
Document Class: report 2021/10/04 v1.4n Standard LaTeX document class
(/usr/share/texlive/texmf-dist/tex/latex/base/size12.clo
File: size12.clo 2021/10/04 v1.4n Standard LaTeX file (size option)
)
\c@part=\count185
\c@chapter=\count186
\c@section=\count187
\c@subsection=\count188
\c@subsubsection=\count189
\c@paragraph=\count190
\c@subparagraph=\count191
\c@figure=\count192
\c@table=\count193
\abovecaptionskip=\skip47
\belowcaptionskip=\skip48
\bibindent=\dimen138
)
(/usr/share/texlive/texmf-dist/tex/latex/geometry/geometry.sty
Package: geometry 2020/01/02 v5.9 Page Geometry

(/usr/share/texlive/texmf-dist/tex/latex/graphics/keyval.sty
Package: keyval 2014/10/28 v1.15 key=value parser (DPC)
\KV@toks@=\toks16
)
(/usr/share/texlive/texmf-dist/tex/generic/iftex/ifvtex.sty
Package: ifvtex 2019/10/25 v1.7 ifvtex legacy package. Use iftex instead.

(/usr/share/texlive/texmf-dist/tex/generic/iftex/iftex.sty
Package: iftex 2020/03/06 v1.0d TeX engine tests
))
\Gm@cnth=\count194
\Gm@cntv=\count195
\c@Gm@tempcnt=\count196
\Gm@bindingoffset=\dimen139
\Gm@wd@mp=\dimen140
\Gm@odd@mp=\dimen141
\Gm@even@mp=\dimen142
\Gm@layoutwidth=\dimen143
\Gm@layoutheight=\dimen144
\Gm@layouthoffset=\dimen145
\Gm@layoutvoffset=\dimen146
\Gm@dimlist=\toks17
)
(/usr/share/texlive/texmf-dist/tex/latex/base/inputenc.sty
Package: inputenc 2021/02/14 v1.3d Input encoding file
\inpenc@prehook=\toks18
\inpenc@posthook=\toks19
)
(/usr/share/texlive/texmf-dist/tex/generic/babel/babel.sty
Package: babel 2022/01/26 3.70 The Babel package
\babel@savecnt=\count197
\U@D=\dimen147
\l@unhyphenated=\language31

(/usr/share/texlive/texmf-dist/tex/generic/babel/txtbabel.def)
\bbl@readstream=\read2
\bbl@dirlevel=\count198

(/usr/share/texlive/texmf-dist/tex/generic/babel-english/british.ldf
Language: british 2017/06/06 v3.3r English support from the babel system

(/usr/share/texlive/texmf-dist/tex/generic/babel-english/english.ldf
Language: english 2017/06/06 v3.3r English support from the babel system
Package babel Info: Hyphen rules for 'british' set to \l@english
(babel)             (\language0). Reported on input line 82.
Package babel Info: Hyphen rules for 'UKenglish' set to \l@english
(babel)             (\language0). Reported on input line 83.
Package babel Info: Hyphen rules for 'canadian' set to \l@english
(babel)             (\language0). Reported on input line 102.
Package babel Info: Hyphen rules for 'australian' set to \l@english
(babel)             (\language0). Reported on input line 105.
Package babel Info: Hyphen rules for 'newzealand' set to \l@english
(babel)             (\language0). Reported on input line 108.
)))
(/usr/share/texlive/texmf-dist/tex/latex/amsmath/amsmath.sty
Package: amsmath 2021/10/15 v2.17l AMS math features
\@mathmargin=\skip49

For additional information on amsmath, use the `?' option.
(/usr/share/texlive/texmf-dist/tex/latex/amsmath/amstext.sty
Package: amstext 2021/08/26 v2.01 AMS text

(/usr/share/texlive/texmf-dist/tex/latex/amsmath/amsgen.sty
File: amsgen.sty 1999/11/30 v2.0 generic functions
\@emptytoks=\toks20
\ex@=\dimen148
))
(/usr/share/texlive/texmf-dist/tex/latex/amsmath/amsbsy.sty
Package: amsbsy 1999/11/29 v1.2d Bold Symbols
\pmbraise@=\dimen149
)
(/usr/share/texlive/texmf-dist/tex/latex/amsmath/amsopn.sty
Package: amsopn 2021/08/26 v2.02 operator names
)
\inf@bad=\count199
LaTeX Info: Redefining \frac on input line 234.
\uproot@=\count266
\leftroot@=\count267
LaTeX Info: Redefining \overline on input line 399.
\classnum@=\count268
\DOTSCASE@=\count269
LaTeX Info: Redefining \ldots on input line 496.
LaTeX Info: Redefining \dots on input line 499.
LaTeX Info: Redefining \cdots on input line 620.
\Mathstrutbox@=\box50
\strutbox@=\box51
\big@size=\dimen150
LaTeX Font Info:    Redeclaring font encoding OML on input line 743.
LaTeX Font Info:    Redeclaring font encoding OMS on input line 744.
\macc@depth=\count270
\c@MaxMatrixCols=\count271
\dotsspace@=\muskip16
\c@parentequation=\count272
\dspbrk@lvl=\count273
\tag@help=\toks21
\row@=\count274
\column@=\count275
\maxfields@=\count276
\andhelp@=\toks22
\eqnshift@=\dimen151
\alignsep@=\dimen152
\tagshift@=\dimen153
\tagwidth@=\dimen154
\totwidth@=\dimen155
\lineht@=\dimen156
\@envbody=\toks23
\multlinegap=\skip50
\multlinetaggap=\skip51
\mathdisplay@stack=\toks24
LaTeX Info: Redefining \[ on input line 2938.
LaTeX Info: Redefining \] on input line 2939.
)
(/usr/share/texlive/texmf-dist/tex/latex/graphics/graphicx.sty
Package: graphicx 2021/09/16 v1.2d Enhanced LaTeX Graphics (DPC,SPQR)

(/usr/share/texlive/texmf-dist/tex/latex/graphics/graphics.sty
Package: graphics 2021/03/04 v1.4d Standard LaTeX Graphics (DPC,SPQR)

(/usr/share/texlive/texmf-dist/tex/latex/graphics/trig.sty
Package: trig 2021/08/11 v1.11 sin cos tan (DPC)
)
(/usr/share/texlive/texmf-dist/tex/latex/graphics-cfg/graphics.cfg
File: graphics.cfg 2016/06/04 v1.11 sample graphics configuration
)
Package graphics Info: Driver file: pdftex.def on input line 107.

(/usr/share/texlive/texmf-dist/tex/latex/graphics-def/pdftex.def
File: pdftex.def 2020/10/05 v1.2a Graphics/color driver for pdftex
))
\Gin@req@height=\dimen157
\Gin@req@width=\dimen158
)
(/usr/share/texlive/texmf-dist/tex/latex/xcolor/xcolor.sty
Package: xcolor 2021/10/31 v2.13 LaTeX color extensions (UK)

(/usr/share/texlive/texmf-dist/tex/latex/graphics-cfg/color.cfg
File: color.cfg 2016/01/02 v1.6 sample color configuration
)
Package xcolor Info: Driver file: pdftex.def on input line 227.
Package xcolor Info: Model `cmy' substituted by `cmy0' on input line 1352.
Package xcolor Info: Model `hsb' substituted by `rgb' on input line 1356.
Package xcolor Info: Model `RGB' extended on input line 1368.
Package xcolor Info: Model `HTML' substituted by `rgb' on input line 1370.
Package xcolor Info: Model `Hsb' substituted by `hsb' on input line 1371.
Package xcolor Info: Model `tHsb' substituted by `hsb' on input line 1372.
Package xcolor Info: Model `HSB' substituted by `hsb' on input line 1373.
Package xcolor Info: Model `Gray' substituted by `gray' on input line 1374.
Package xcolor Info: Model `wave' substituted by `hsb' on input line 1375.

(/usr/share/texlive/texmf-dist/tex/latex/graphics/dvipsnam.def
File: dvipsnam.def 2016/06/17 v3.0m Driver-dependent file (DPC,SPQR)
)
(/usr/share/texlive/texmf-dist/tex/latex/xcolor/x11nam.def
File: x11nam.def 2021/10/31 v2.13 Predefined colors according to Unix/X11 (UK)
))
(/usr/share/texlive/texmf-dist/tex/latex/pict2e/pict2e.sty
Package: pict2e 2020/09/30 v0.4b Improved picture commands (HjG,RN,JT)

(/usr/share/texlive/texmf-dist/tex/latex/pict2e/pict2e.cfg
File: pict2e.cfg 2016/02/05 v0.1u pict2e configuration for teTeX/TeXLive
)
Package pict2e Info: Driver file: pdftex.def on input line 112.
Package pict2e Info: Driver file for pict2e: p2e-pdftex.def on input line 114.

(/usr/share/texlive/texmf-dist/tex/latex/pict2e/p2e-pdftex.def
File: p2e-pdftex.def 2016/02/05 v0.1u Driver-dependant file (RN,HjG,JT)
)
\pIIe@GRAPH=\toks25
\@arclen=\dimen159
\@arcrad=\dimen160
\pIIe@tempdima=\dimen161
\pIIe@tempdimb=\dimen162
\pIIe@tempdimc=\dimen163
\pIIe@tempdimd=\dimen164
\pIIe@tempdime=\dimen165
\pIIe@tempdimf=\dimen166
)
(/usr/share/texlive/texmf-dist/tex/latex/tabu/tabu.sty
Package: tabu 2019/01/11 v2.9 - flexible LaTeX tabulars (FC+tabu-fixed) + inter
mediate FMi

(/usr/share/texlive/texmf-dist/tex/latex/tools/array.sty
Package: array 2021/10/04 v2.5f Tabular extension package (FMi)
\col@sep=\dimen167
\ar@mcellbox=\box52
\extrarowheight=\dimen168
\NC@list=\toks26
\extratabsurround=\skip52
\backup@length=\skip53
\ar@cellbox=\box53
)
(/usr/share/texlive/texmf-dist/tex/latex/varwidth/varwidth.sty
Package: varwidth 2009/03/30 ver 0.92;  Variable-width minipages
\@vwid@box=\box54
\sift@deathcycles=\count277
\@vwid@loff=\dimen169
\@vwid@roff=\dimen170
)
\c@taburow=\count278
\tabu@nbcols=\count279
\tabu@cnt=\count280
\tabu@Xcol=\count281
\tabu@alloc=\count282
\tabu@nested=\count283
\tabu@target=\dimen171
\tabu@spreadtarget=\dimen172
\tabu@naturalX=\dimen173
\tabucolX=\dimen174
\tabu@Xsum=\dimen175
\extrarowdepth=\dimen176
\abovetabulinesep=\dimen177
\belowtabulinesep=\dimen178
\tabustrutrule=\dimen179
\tabu@thebody=\toks27
\tabu@footnotes=\toks28
\tabu@box=\box55
\tabu@arstrutbox=\box56
\tabu@hleads=\box57
\tabu@vleads=\box58
\tabu@cellskip=\skip54
)
(/usr/share/texlive/texmf-dist/tex/latex/booktabs/booktabs.sty
Package: booktabs 2020/01/12 v1.61803398 Publication quality tables
\heavyrulewidth=\dimen180
\lightrulewidth=\dimen181
\cmidrulewidth=\dimen182
\belowrulesep=\dimen183
\belowbottomsep=\dimen184
\aboverulesep=\dimen185
\abovetopsep=\dimen186
\cmidrulesep=\dimen187
\cmidrulekern=\dimen188
\defaultaddspace=\dimen189
\@cmidla=\count284
\@cmidlb=\count285
\@aboverulesep=\dimen190
\@belowrulesep=\dimen191
\@thisruleclass=\count286
\@lastruleclass=\count287
\@thisrulewidth=\dimen192
)
(/usr/share/texlive/texmf-dist/tex/latex/hyperref/hyperref.sty
Package: hyperref 2021-06-07 v7.00m Hypertext links for LaTeX

(/usr/share/texlive/texmf-dist/tex/generic/ltxcmds/ltxcmds.sty
Package: ltxcmds 2020-05-10 v1.25 LaTeX kernel commands for general use (HO)
)
(/usr/share/texlive/texmf-dist/tex/generic/pdftexcmds/pdftexcmds.sty
Package: pdftexcmds 2020-06-27 v0.33 Utility functions of pdfTeX for LuaTeX (HO
)

(/usr/share/texlive/texmf-dist/tex/generic/infwarerr/infwarerr.sty
Package: infwarerr 2019/12/03 v1.5 Providing info/warning/error messages (HO)
)
Package pdftexcmds Info: \pdf@primitive is available.
Package pdftexcmds Info: \pdf@ifprimitive is available.
Package pdftexcmds Info: \pdfdraftmode found.
)
(/usr/share/texlive/texmf-dist/tex/generic/kvsetkeys/kvsetkeys.sty
Package: kvsetkeys 2019/12/15 v1.18 Key value parser (HO)
)
(/usr/share/texlive/texmf-dist/tex/generic/kvdefinekeys/kvdefinekeys.sty
Package: kvdefinekeys 2019-12-19 v1.6 Define keys (HO)
)
(/usr/share/texlive/texmf-dist/tex/generic/pdfescape/pdfescape.sty
Package: pdfescape 2019/12/09 v1.15 Implements pdfTeX's escape features (HO)
)
(/usr/share/texlive/texmf-dist/tex/latex/hycolor/hycolor.sty
Package: hycolor 2020-01-27 v1.10 Color options for hyperref/bookmark (HO)
)
(/usr/share/texlive/texmf-dist/tex/latex/letltxmacro/letltxmacro.sty
Package: letltxmacro 2019/12/03 v1.6 Let assignment for LaTeX macros (HO)
)
(/usr/share/texlive/texmf-dist/tex/latex/auxhook/auxhook.sty
Package: auxhook 2019-12-17 v1.6 Hooks for auxiliary files (HO)
)
(/usr/share/texlive/texmf-dist/tex/latex/kvoptions/kvoptions.sty
Package: kvoptions 2020-10-07 v3.14 Key value format for package options (HO)
)
\@linkdim=\dimen193
\Hy@linkcounter=\count288
\Hy@pagecounter=\count289

(/usr/share/texlive/texmf-dist/tex/latex/hyperref/pd1enc.def
File: pd1enc.def 2021-06-07 v7.00m Hyperref: PDFDocEncoding definition (HO)
Now handling font encoding PD1 ...
... no UTF-8 mapping file for font encoding PD1
)
(/usr/share/texlive/texmf-dist/tex/latex/hyperref/hyperref-langpatches.def
File: hyperref-langpatches.def 2021-06-07 v7.00m Hyperref: patches for babel la
nguages
)
(/usr/share/texlive/texmf-dist/tex/generic/intcalc/intcalc.sty
Package: intcalc 2019/12/15 v1.3 Expandable calculations with integers (HO)
)
(/usr/share/texlive/texmf-dist/tex/generic/etexcmds/etexcmds.sty
Package: etexcmds 2019/12/15 v1.7 Avoid name clashes with e-TeX commands (HO)
)
\Hy@SavedSpaceFactor=\count290

(/usr/share/texlive/texmf-dist/tex/latex/hyperref/puenc.def
File: puenc.def 2021-06-07 v7.00m Hyperref: PDF Unicode definition (HO)
Now handling font encoding PU ...
... no UTF-8 mapping file for font encoding PU
)
Package hyperref Info: Option `hypertexnames' set `true' on input line 4073.
Package hyperref Info: Hyper figures OFF on input line 4192.
Package hyperref Info: Link nesting OFF on input line 4197.
Package hyperref Info: Hyper index ON on input line 4200.
Package hyperref Info: Plain pages OFF on input line 4207.
Package hyperref Info: Backreferencing OFF on input line 4212.
Package hyperref Info: Implicit mode ON; LaTeX internals redefined.
Package hyperref Info: Bookmarks ON on input line 4445.
\c@Hy@tempcnt=\count291

(/usr/share/texlive/texmf-dist/tex/latex/url/url.sty
\Urlmuskip=\muskip17
Package: url 2013/09/16  ver 3.4  Verb mode for urls, etc.
)
LaTeX Info: Redefining \url on input line 4804.
\XeTeXLinkMargin=\dimen194

(/usr/share/texlive/texmf-dist/tex/generic/bitset/bitset.sty
Package: bitset 2019/12/09 v1.3 Handle bit-vector datatype (HO)

(/usr/share/texlive/texmf-dist/tex/generic/bigintcalc/bigintcalc.sty
Package: bigintcalc 2019/12/15 v1.5 Expandable calculations on big integers (HO
)
))
\Fld@menulength=\count292
\Field@Width=\dimen195
\Fld@charsize=\dimen196
Package hyperref Info: Hyper figures OFF on input line 6076.
Package hyperref Info: Link nesting OFF on input line 6081.
Package hyperref Info: Hyper index ON on input line 6084.
Package hyperref Info: backreferencing OFF on input line 6091.
Package hyperref Info: Link coloring OFF on input line 6096.
Package hyperref Info: Link coloring with OCG OFF on input line 6101.
Package hyperref Info: PDF/A mode OFF on input line 6106.
LaTeX Info: Redefining \ref on input line 6146.
LaTeX Info: Redefining \pageref on input line 6150.

(/usr/share/texlive/texmf-dist/tex/latex/base/atbegshi-ltx.sty
Package: atbegshi-ltx 2021/01/10 v1.0c Emulation of the original atbegshi
package with kernel methods
)
\Hy@abspage=\count293
\c@Item=\count294
\c@Hfootnote=\count295
)
Package hyperref Info: Driver (autodetected): hpdftex.

(/usr/share/texlive/texmf-dist/tex/latex/hyperref/hpdftex.def
File: hpdftex.def 2021-06-07 v7.00m Hyperref driver for pdfTeX

(/usr/share/texlive/texmf-dist/tex/latex/base/atveryend-ltx.sty
Package: atveryend-ltx 2020/08/19 v1.0a Emulation of the original atveryend pac
kage
with kernel methods
)
\Fld@listcount=\count296
\c@bookmark@seq@number=\count297

(/usr/share/texlive/texmf-dist/tex/latex/rerunfilecheck/rerunfilecheck.sty
Package: rerunfilecheck 2019/12/05 v1.9 Rerun checks for auxiliary files (HO)

(/usr/share/texlive/texmf-dist/tex/generic/uniquecounter/uniquecounter.sty
Package: uniquecounter 2019/12/15 v1.4 Provide unlimited unique counter (HO)
)
Package uniquecounter Info: New unique counter `rerunfilecheck' on input line 2
86.
)
\Hy@SectionHShift=\skip55
)
(/usr/share/texlive/texmf-dist/tex/latex/was/gensymb.sty
Package: gensymb 2003/07/02 v1.0 (WaS)
)
(/usr/share/texlive/texmf-dist/tex/latex/wrapfig/wrapfig.sty
\wrapoverhang=\dimen197
\WF@size=\dimen198
\c@WF@wrappedlines=\count298
\WF@box=\box59
\WF@everypar=\toks29
Package: wrapfig 2003/01/31  v 3.6
)
(/usr/share/texlive/texmf-dist/tex/latex/multirow/multirow.sty
Package: multirow 2021/03/15 v2.8 Span multiple rows of a table
\multirow@colwidth=\skip56
\multirow@cntb=\count299
\multirow@dima=\skip57
\bigstrutjot=\dimen199
)
(/usr/share/texlive/texmf-dist/tex/latex/tocbibind/tocbibind.sty
Package: tocbibind 2010/10/13 v1.5k extra ToC listings
Package tocbibind Info: The document has chapter divisions on input line 50.


Package tocbibind Note: Using chapter style headings, unless overridden.

) (/usr/share/texlive/texmf-dist/tex/latex/colortbl/colortbl.sty
Package: colortbl 2020/01/04 v1.0e Color table columns (DPC)
\everycr=\toks30
\minrowclearance=\skip58
)
(/usr/share/texlive/texmf-dist/tex/latex/ncctools/watermark.sty
Package: watermark 2004/12/09 v1.1 Watermarks (NCC)
)
(/usr/share/texlive/texmf-dist/tex/latex/wallpaper/wallpaper.sty
Package: wallpaper 2005/01/18, v1.01 easy wallpaper formatting (MHFW)

(/usr/share/texlive/texmf-dist/tex/latex/base/ifthen.sty
Package: ifthen 2020/11/24 v1.1c Standard LaTeX ifthen package (DPC)
)
(/usr/share/texlive/texmf-dist/tex/latex/tools/calc.sty
Package: calc 2017/05/25 v4.3 Infix arithmetic (KKT,FJ)
\calc@Acount=\count300
\calc@Bcount=\count301
\calc@Adimen=\dimen256
\calc@Bdimen=\dimen257
\calc@Askip=\skip59
\calc@Bskip=\skip60
LaTeX Info: Redefining \setlength on input line 80.
LaTeX Info: Redefining \addtolength on input line 81.
\calc@Ccount=\count302
\calc@Cskip=\skip61
)
(/usr/share/texlive/texmf-dist/tex/latex/eso-pic/eso-pic.sty
Package: eso-pic 2020/10/14 v3.0a eso-pic (RN)
\ESO@tempdima=\dimen258
\ESO@tempdimb=\dimen259
)
\wpXoffset=\skip62
\wpYoffset=\skip63
\tileXoffset=\skip64
\tileYoffset=\skip65
\tilewidth=\skip66
\tileheight=\skip67
\tileX=\skip68
\tileY=\skip69
)
(/usr/share/texlive/texmf-dist/tex/latex/eurosym/eurosym.sty
Package: eurosym 1998/08/06 v1.1 European currency symbol ``Euro''
\@eurobox=\box60
)
(/usr/share/texlive/texmf-dist/tex/latex/appendix/appendix.sty
Package: appendix 2020/02/08 v1.2c extra appendix facilities
\c@@pps=\count303
\c@@ppsavesec=\count304
\c@@ppsaveapp=\count305
)
(/usr/share/texlive/texmf-dist/tex/latex/psnfss/courier.sty
Package: courier 2020/03/25 PSNFSS-v9.3 (WaS) 
)
(/usr/share/texlive/texmf-dist/tex/latex/listings/listings.sty
\lst@mode=\count306
\lst@gtempboxa=\box61
\lst@token=\toks31
\lst@length=\count307
\lst@currlwidth=\dimen260
\lst@column=\count308
\lst@pos=\count309
\lst@lostspace=\dimen261
\lst@width=\dimen262
\lst@newlines=\count310
\lst@lineno=\count311
\lst@maxwidth=\dimen263

(/usr/share/texlive/texmf-dist/tex/latex/listings/lstmisc.sty
File: lstmisc.sty 2020/03/24 1.8d (Carsten Heinz)
\c@lstnumber=\count312
\lst@skipnumbers=\count313
\lst@framebox=\box62
)
(/usr/share/texlive/texmf-dist/tex/latex/listings/listings.cfg
File: listings.cfg 2020/03/24 1.8d listings configuration
))
Package: listings 2020/03/24 1.8d (Carsten Heinz)

(/usr/share/texlive/texmf-dist/tex/latex/enumitem/enumitem.sty
Package: enumitem 2019/06/20 v3.9 Customized lists
\labelindent=\skip70
\enit@outerparindent=\dimen264
\enit@toks=\toks32
\enit@inbox=\box63
\enit@count@id=\count314
\enitdp@description=\count315
)
(/usr/share/texlive/texmf-dist/tex/generic/soul/soul.sty
Package: soul 2003/11/17 v2.4 letterspacing/underlining (mf)
\SOUL@word=\toks33
\SOUL@lasttoken=\toks34
\SOUL@cmds=\toks35
\SOUL@buffer=\toks36
\SOUL@token=\toks37
\SOUL@spaceskip=\skip71
\SOUL@ttwidth=\dimen265
\SOUL@uldp=\dimen266
\SOUL@ulht=\dimen267
)
(/usr/share/texlive/texmf-dist/tex/latex/comment/comment.sty
\CommentStream=\write3

Excluding comment 'comment')
(/usr/share/texlive/texmf-dist/tex/latex/parskip/parskip.sty
Package: parskip 2021-03-14 v2.0h non-zero parskip adjustments

(/usr/share/texlive/texmf-dist/tex/latex/etoolbox/etoolbox.sty
Package: etoolbox 2020/10/05 v2.5k e-TeX tools for LaTeX (JAW)
\etb@tempcnta=\count316
))
(/usr/share/texlive/texmf-dist/tex/latex/base/textcomp.sty
Package: textcomp 2020/02/02 v2.0n Standard LaTeX package
)
(/usr/share/texlive/texmf-dist/tex/latex/float/float.sty
Package: float 2001/11/08 v1.3d Float enhancements (AL)
\c@float@type=\count317
\float@exts=\toks38
\float@box=\box64
\@float@everytoks=\toks39
\@floatcapt=\box65
)
(/usr/share/texlive/texmf-dist/tex/latex/titlesec/titlesec.sty
Package: titlesec 2021/07/05 v2.14 Sectioning titles
\ttl@box=\box66
\beforetitleunit=\skip72
\aftertitleunit=\skip73
\ttl@plus=\dimen268
\ttl@minus=\dimen269
\ttl@toksa=\toks40
\titlewidth=\dimen270
\titlewidthlast=\dimen271
\titlewidthfirst=\dimen272
)
(/usr/share/texlive/texmf-dist/tex/latex/blindtext/blindtext.sty
Package: blindtext 2012/01/06 V2.0 blindtext-Package

(/usr/share/texlive/texmf-dist/tex/latex/tools/xspace.sty
Package: xspace 2014/10/28 v1.13 Space after command names (DPC,MH)
)
\c@blindtext=\count318
\c@Blindtext=\count319
\c@blind@countparstart=\count320
\blind@countxx=\count321
\blindtext@numBlindtext=\count322
\blind@countyy=\count323
\c@blindlist=\count324
\c@blindlistlevel=\count325
\c@blindlist@level=\count326
\blind@listitem=\count327
\c@blind@listcount=\count328
\c@blind@levelcount=\count329
\blind@mathformula=\count330
\blind@Mathformula=\count331
\c@blind@randomcount=\count332
\c@blind@randommax=\count333
\c@blind@pangramcount=\count334
\c@blind@pangrammax=\count335
)
(/usr/share/texlive/texmf-dist/tex/latex/tocloft/tocloft.sty
Package: tocloft 2017/08/31 v2.3i parameterised ToC, etc., typesetting
Package tocloft Info: The document has chapter divisions on input line 51.
\cftparskip=\skip74
\cftbeforetoctitleskip=\skip75
\cftaftertoctitleskip=\skip76
\cftbeforepartskip=\skip77
\cftpartnumwidth=\skip78
\cftpartindent=\skip79
\cftbeforechapskip=\skip80
\cftchapindent=\skip81
\cftchapnumwidth=\skip82
\cftbeforesecskip=\skip83
\cftsecindent=\skip84
\cftsecnumwidth=\skip85
\cftbeforesubsecskip=\skip86
\cftsubsecindent=\skip87
\cftsubsecnumwidth=\skip88
\cftbeforesubsubsecskip=\skip89
\cftsubsubsecindent=\skip90
\cftsubsubsecnumwidth=\skip91
\cftbeforeparaskip=\skip92
\cftparaindent=\skip93
\cftparanumwidth=\skip94
\cftbeforesubparaskip=\skip95
\cftsubparaindent=\skip96
\cftsubparanumwidth=\skip97
\cftbeforeloftitleskip=\skip98
\cftafterloftitleskip=\skip99
\cftbeforefigskip=\skip100
\cftfigindent=\skip101
\cftfignumwidth=\skip102
\c@lofdepth=\count336
\c@lotdepth=\count337
\cftbeforelottitleskip=\skip103
\cftafterlottitleskip=\skip104
\cftbeforetabskip=\skip105
\cfttabindent=\skip106
\cfttabnumwidth=\skip107


Package tocloft Warning: \@starttoc has already been redefined; tocloft bailing
 out. on input line 1156.

) (/usr/share/texlive/texmf-dist/tex/latex/listings/lstlang1.sty
File: lstlang1.sty 2020/03/24 1.8d listings language file
)
(/usr/share/texlive/texmf-dist/tex/latex/listings/lstlang1.sty
File: lstlang1.sty 2020/03/24 1.8d listings language file
)
(/usr/share/texlive/texmf-dist/tex/latex/listings/lstmisc.sty
File: lstmisc.sty 2020/03/24 1.8d (Carsten Heinz)
)
(/usr/share/texlive/texmf-dist/tex/latex/fancyhdr/fancyhdr.sty
Package: fancyhdr 2021/01/28 v4.0.1 Extensive control of page headers and foote
rs
\f@nch@headwidth=\skip108
\f@nch@O@elh=\skip109
\f@nch@O@erh=\skip110
\f@nch@O@olh=\skip111
\f@nch@O@orh=\skip112
\f@nch@O@elf=\skip113
\f@nch@O@erf=\skip114
\f@nch@O@olf=\skip115
\f@nch@O@orf=\skip116
)
(/usr/share/texlive/texmf-dist/tex/latex/caption/caption.sty
Package: caption 2020/10/26 v3.5g Customizing captions (AR)

(/usr/share/texlive/texmf-dist/tex/latex/caption/caption3.sty
Package: caption3 2020/10/21 v2.2e caption3 kernel (AR)
\captionmargin=\dimen273
\captionmargin@=\dimen274
\captionwidth=\dimen275
\caption@tempdima=\dimen276
\caption@indent=\dimen277
\caption@parindent=\dimen278
\caption@hangindent=\dimen279
Package caption Info: Standard document class detected.
)
\c@caption@flags=\count338
\c@continuedfloat=\count339
Package caption Info: float package is loaded.
Package caption Info: hyperref package is loaded.
Package caption Info: listings package is loaded.
Package caption Info: wrapfig package is loaded.
)
(/usr/share/texlive/texmf-dist/tex/latex/caption/subcaption.sty
Package: subcaption 2020/10/07 v1.3j Sub-captions (AR)
\c@subfigure=\count340
\c@subtable=\count341
)
Package hyperref Info: Option `colorlinks' set `true' on input line 128.
Package hyperref Info: Option `pdfnewwindow' set `true' on input line 128.

(/usr/share/texlive/texmf-dist/tex/latex/l3backend/l3backend-pdftex.def
File: l3backend-pdftex.def 2022-01-12 L3 backend support: PDF output (pdfTeX)
\l__color_backend_stack_int=\count342
\l__pdf_internal_box=\box67
)
(./OOPopdrachten.aux)
\openout1 = `OOPopdrachten.aux'.

LaTeX Font Info:    Checking defaults for OML/cmm/m/it on input line 154.
LaTeX Font Info:    ... okay on input line 154.
LaTeX Font Info:    Checking defaults for OMS/cmsy/m/n on input line 154.
LaTeX Font Info:    ... okay on input line 154.
LaTeX Font Info:    Checking defaults for OT1/cmr/m/n on input line 154.
LaTeX Font Info:    ... okay on input line 154.
LaTeX Font Info:    Checking defaults for T1/cmr/m/n on input line 154.
LaTeX Font Info:    ... okay on input line 154.
LaTeX Font Info:    Checking defaults for TS1/cmr/m/n on input line 154.
LaTeX Font Info:    ... okay on input line 154.
LaTeX Font Info:    Checking defaults for OMX/cmex/m/n on input line 154.
LaTeX Font Info:    ... okay on input line 154.
LaTeX Font Info:    Checking defaults for U/cmr/m/n on input line 154.
LaTeX Font Info:    ... okay on input line 154.
LaTeX Font Info:    Checking defaults for PD1/pdf/m/n on input line 154.
LaTeX Font Info:    ... okay on input line 154.
LaTeX Font Info:    Checking defaults for PU/pdf/m/n on input line 154.
LaTeX Font Info:    ... okay on input line 154.

*geometry* driver: auto-detecting
*geometry* detected driver: pdftex
*geometry* verbose mode - [ preamble ] result:
* driver: pdftex
* paper: a4paper
* layout: <same size as paper>
* layoutoffset:(h,v)=(0.0pt,0.0pt)
* bindingoffset: 17.07164pt
* modes: twoside 
* h-part:(L,W,R)=(71.13188pt, 438.17247pt, 71.13188pt)
* v-part:(T,H,B)=(71.13188pt, 702.78308pt, 71.13188pt)
* \paperwidth=597.50787pt
* \paperheight=845.04684pt
* \textwidth=438.17247pt
* \textheight=702.78308pt
* \oddsidemargin=15.93353pt
* \evensidemargin=-1.1381pt
* \topmargin=-38.1381pt
* \headheight=12.0pt
* \headsep=25.0pt
* \topskip=12.0pt
* \footskip=30.0pt
* \marginparwidth=95.0pt
* \marginparsep=10.0pt
* \columnsep=10.0pt
* \skip\footins=10.8pt plus 4.0pt minus 2.0pt
* \hoffset=0.0pt
* \voffset=0.0pt
* \mag=1000
* \@twocolumnfalse
* \@twosidetrue
* \@mparswitchtrue
* \@reversemarginfalse
* (1in=72.27pt=25.4mm, 1cm=28.453pt)

(/usr/share/texlive/texmf-dist/tex/context/base/mkii/supp-pdf.mkii
[Loading MPS to PDF converter (version 2006.09.02).]
\scratchcounter=\count343
\scratchdimen=\dimen280
\scratchbox=\box68
\nofMPsegments=\count344
\nofMParguments=\count345
\everyMPshowfont=\toks41
\MPscratchCnt=\count346
\MPscratchDim=\dimen281
\MPnumerator=\count347
\makeMPintoPDFobject=\count348
\everyMPtoPDFconversion=\toks42
) (/usr/share/texlive/texmf-dist/tex/latex/epstopdf-pkg/epstopdf-base.sty
Package: epstopdf-base 2020-01-24 v2.11 Base part for package epstopdf
Package epstopdf-base Info: Redefining graphics rule for `.eps' on input line 4
85.

(/usr/share/texlive/texmf-dist/tex/latex/latexconfig/epstopdf-sys.cfg
File: epstopdf-sys.cfg 2010/07/13 v1.3 Configuration of (r)epstopdf for TeX Liv
e
))
Package hyperref Info: Link coloring ON on input line 154.

(/usr/share/texlive/texmf-dist/tex/latex/hyperref/nameref.sty
Package: nameref 2021-04-02 v2.47 Cross-referencing by name of section

(/usr/share/texlive/texmf-dist/tex/latex/refcount/refcount.sty
Package: refcount 2019/12/15 v3.6 Data extraction from label references (HO)
)
(/usr/share/texlive/texmf-dist/tex/generic/gettitlestring/gettitlestring.sty
Package: gettitlestring 2019/12/15 v1.6 Cleanup title references (HO)
)
\c@section@level=\count349
)
LaTeX Info: Redefining \ref on input line 154.
LaTeX Info: Redefining \pageref on input line 154.
LaTeX Info: Redefining \nameref on input line 154.

(./OOPopdrachten.out) (./OOPopdrachten.out)
\@outlinefile=\write4
\openout4 = `OOPopdrachten.out'.

\symgns@font=\mathgroup4
LaTeX Font Info:    Overwriting symbol font `gns@font' in version `bold'
(Font)                  TS1/cmr/m/n --> TS1/cmr/b/n on input line 154.
Package gensymb Info: Math companion symbols declared on input line 154.
LaTeX Info: Redefining \degree on input line 154.
LaTeX Info: Redefining \celsius on input line 154.
Package gensymb Info: Using text companion symbols for \degree, \celsius and \p
erthousand on input line 154.
LaTeX Info: Redefining \ohm on input line 154.
Package gensymb Info: Using \textohm for \ohm on input line 154.
Package gensymb Info: Using \textmu for \micro on input line 154.
\c@lstlisting=\count350
Package caption Info: Begin \AtBeginDocument code.
Package caption Info: End \AtBeginDocument code.


LaTeX Warning: No \author given.

<figuren/frontRock.jpg, id=56, 4015.0pt x 2260.445pt>
File: figuren/frontRock.jpg Graphic file (type jpg)
<use figuren/frontRock.jpg>
Package pdftex.def Info: figuren/frontRock.jpg  used on input line 158.
(pdftex.def)             Requested size: 477.98087pt x 269.10323pt.
[1

{/var/lib/texmf/fonts/map/pdftex/updmap/pdftex.map} <./figuren/frontRock.jpg>] 
(./OOPopdrachten.toc)
\tf@toc=\write5
\openout5 = `OOPopdrachten.toc'.

 (./opdracht1.tex [2]
Chapter 1.
<figuren/laBnetwork.png, id=83, 581.17125pt x 455.7025pt>
File: figuren/laBnetwork.png Graphic file (type png)
<use figuren/laBnetwork.png>
Package pdftex.def Info: figuren/laBnetwork.png  used on input line 9.
(pdftex.def)             Requested size: 175.26631pt x 137.428pt.
<figuren/rockIPnr.png, id=85, 2811.75468pt x 1090.82532pt>
File: figuren/rockIPnr.png Graphic file (type png)
<use figuren/rockIPnr.png>
Package pdftex.def Info: figuren/rockIPnr.png  used on input line 27.
(pdftex.def)             Requested size: 271.66478pt x 105.39381pt.
<figuren/windowsPowerShellSearch.png, id=88, 581.92406pt x 547.2947pt>
File: figuren/windowsPowerShellSearch.png Graphic file (type png)
<use figuren/windowsPowerShellSearch.png>
Package pdftex.def Info: figuren/windowsPowerShellSearch.png  used on input lin
e 40.
(pdftex.def)             Requested size: 187.31685pt x 176.16505pt.
<figuren/powershell.png, id=89, 576.65437pt x 370.38374pt>
File: figuren/powershell.png Graphic file (type png)
<use figuren/powershell.png>
Package pdftex.def Info: figuren/powershell.png  used on input line 45.
(pdftex.def)             Requested size: 208.13124pt x 133.68279pt.
[3

 <./figuren/laBnetwork.png> <./figuren/rockIPnr.png>]
<figuren/ingelogtRockPi.png, id=103, 743.02594pt x 370.38374pt>
File: figuren/ingelogtRockPi.png Graphic file (type png)
<use figuren/ingelogtRockPi.png>
Package pdftex.def Info: figuren/ingelogtRockPi.png  used on input line 59.
(pdftex.def)             Requested size: 306.71939pt x 152.89821pt.
<figuren/rockpi-connector.png, id=107, 2500.34125pt x 1003.75pt>
File: figuren/rockpi-connector.png Graphic file (type png)
<use figuren/rockpi-connector.png>
Package pdftex.def Info: figuren/rockpi-connector.png  used on input line 75.
(pdftex.def)             Requested size: 394.35254pt x 158.30588pt.

Underfull \hbox (badness 10000) in paragraph at lines 71--81

 []


LaTeX Warning: `!h' float specifier changed to `!ht'.

[4 <./figuren/windowsPowerShellSearch.png> <./figuren/powershell.png> <./figure
n/ingelogtRockPi.png>]
Package hyperref Info: bookmark level for unknown lstlisting defaults to 0 on i
nput line 105.
LaTeX Font Info:    Trying to load font information for OT1+pcr on input line 1
05.

(/usr/share/texlive/texmf-dist/tex/latex/psnfss/ot1pcr.fd
File: ot1pcr.fd 2001/06/04 font definitions for OT1/pcr.
) [5 <./figuren/rockpi-connector.png>]
<figuren/remoteExplorer.png, id=150, 22.28325pt x 22.28325pt>
File: figuren/remoteExplorer.png Graphic file (type png)
<use figuren/remoteExplorer.png>
Package pdftex.def Info: figuren/remoteExplorer.png  used on input line 150.
(pdftex.def)             Requested size: 14.50058pt x 14.50058pt.
<figuren/remoteExplorer2.png, id=152, 420.57124pt x 130.4875pt>
File: figuren/remoteExplorer2.png Graphic file (type png)
<use figuren/remoteExplorer2.png>
Package pdftex.def Info: figuren/remoteExplorer2.png  used on input line 154.
(pdftex.def)             Requested size: 219.08623pt x 67.97533pt.
<figuren/connectIcon.png, id=153, 15.05624pt x 15.05624pt>
File: figuren/connectIcon.png Graphic file (type png)
<use figuren/connectIcon.png>
Package pdftex.def Info: figuren/connectIcon.png  used on input line 160.
(pdftex.def)             Requested size: 14.50046pt x 14.50046pt.
<figuren/VSCiconeExpl.png, id=154, 42.1575pt x 42.1575pt>
File: figuren/VSCiconeExpl.png Graphic file (type png)
<use figuren/VSCiconeExpl.png>
Package pdftex.def Info: figuren/VSCiconeExpl.png  used on input line 164.
(pdftex.def)             Requested size: 14.49995pt x 14.49995pt.
<figuren/runnableExt.png, id=155, 68.255pt x 72.27pt>
File: figuren/runnableExt.png Graphic file (type png)
<use figuren/runnableExt.png>
Package pdftex.def Info: figuren/runnableExt.png  used on input line 164.
(pdftex.def)             Requested size: 13.69345pt x 14.49895pt.
<figuren/vncSchermOp1.png, id=157, 1203.49625pt x 768.8725pt>
File: figuren/vncSchermOp1.png Graphic file (type png)
<use figuren/vncSchermOp1.png>
Package pdftex.def Info: figuren/vncSchermOp1.png  used on input line 168.
(pdftex.def)             Requested size: 219.08623pt x 139.96317pt.
 [6 <./figuren/remoteExplorer.png> <./figuren/remoteExplorer2.png> <./figuren/c
onnectIcon.png> <./figuren/VSCiconeExpl.png>]
<figuren/statusbalk2.png, id=178, 411.5375pt x 29.10875pt>
File: figuren/statusbalk2.png Graphic file (type png)
<use figuren/statusbalk2.png>
Package pdftex.def Info: figuren/statusbalk2.png  used on input line 178.
(pdftex.def)             Requested size: 219.08623pt x 15.4964pt.
<figuren/vncComp.png, id=179, 23.08624pt x 22.0825pt>
File: figuren/vncComp.png Graphic file (type png)
<use figuren/vncComp.png>
Package pdftex.def Info: figuren/vncComp.png  used on input line 184.
(pdftex.def)             Requested size: 14.5pt x 13.86957pt.
<figuren/startDebug.png, id=180, 31.11626pt x 26.0975pt>
File: figuren/startDebug.png Graphic file (type png)
<use figuren/startDebug.png>
Package pdftex.def Info: figuren/startDebug.png  used on input line 188.
(pdftex.def)             Requested size: 14.50023pt x 12.16148pt.
<figuren/debugScherm.png, id=182, 1337.99875pt x 847.165pt>
File: figuren/debugScherm.png Graphic file (type png)
<use figuren/debugScherm.png>
Package pdftex.def Info: figuren/debugScherm.png  used on input line 192.
(pdftex.def)             Requested size: 219.08623pt x 138.7162pt.
 [7 <./figuren/runnableExt.png> <./figuren/vncSchermOp1.png> <./figuren/statusb
alk2.png> <./figuren/vncComp.png> <./figuren/startDebug.png> <./figuren/debugSc
herm.png>]
Overfull \hbox (2.42862pt too wide) in paragraph at lines 204--205
[]\OT1/cmr/m/n/12 Maak een nieuwe ter-mi-nal aan (Ter-mi-nal $\OMS/cmsy/m/n/12 
!$ \OT1/cmr/m/n/12 New Ter-mi-nal) of Cntr +Shift+`
 []

<figuren/klasseLedOpg1.png, id=199, 48.78226pt x 46.67438pt>
File: figuren/klasseLedOpg1.png Graphic file (type png)
<use figuren/klasseLedOpg1.png>
Package pdftex.def Info: figuren/klasseLedOpg1.png  used on input line 211.
(pdftex.def)             Requested size: 162.12167pt x 155.11905pt.
[8 <./figuren/klasseLedOpg1.png>]

LaTeX Warning: Reference `en:dir' on page 9 undefined on input line 245.


LaTeX Warning: Reference `hfst:strt' on page 9 undefined on input line 245.

LaTeX Font Info:    Font shape `OT1/pcr/m/it' in size <12> not available
(Font)              Font shape `OT1/pcr/m/sl' tried instead on input line 246.
<figuren/ddd_startup_screen.png, id=215, 787.14075pt x 433.62pt>
File: figuren/ddd_startup_screen.png Graphic file (type png)
<use figuren/ddd_startup_screen.png>
Package pdftex.def Info: figuren/ddd_startup_screen.png  used on input line 249
.
(pdftex.def)             Requested size: 306.71939pt x 168.96555pt.
<figuren/ddd_set_breakpoint.png, id=216, 687.16725pt x 407.72325pt>
File: figuren/ddd_set_breakpoint.png Graphic file (type png)
<use figuren/ddd_set_breakpoint.png>
Package pdftex.def Info: figuren/ddd_set_breakpoint.png  used on input line 268
.
(pdftex.def)             Requested size: 306.71939pt x 181.98686pt.

LaTeX Warning: `!h' float specifier changed to `!ht'.

[9 <./figuren/ddd_startup_screen.png>]
<figuren/LedDDD.png, id=233, 858.8085pt x 576.35326pt>
File: figuren/LedDDD.png Graphic file (type png)
<use figuren/LedDDD.png>
Package pdftex.def Info: figuren/LedDDD.png  used on input line 293.
(pdftex.def)             Requested size: 394.35254pt x 264.6596pt.


LaTeX Warning: `!h' float specifier changed to `!ht'.

) (./appendix.tex [10 <./figuren/ddd_set_breakpoint.png>] [11 <./figuren/LedDDD
.png>] [12


] [13] (./linuxcommandos.tex
Appendix A.

Overfull \hbox (11.03061pt too wide) in paragraph at lines 1--1
|[]\OT1/cmr/bx/n/24.88 Tips en trucks in een linux omgev-
 []

) (./deOmgeving.tex [14

]
Appendix B.

Overfull \hbox (38.07324pt too wide) in paragraph at lines 1--1
|[]\OT1/cmr/bx/n/24.88 Installeren van de practicum omgev-
 []

<figuren/vncopstart.png, id=271, 664.58287pt x 79.79813pt>
File: figuren/vncopstart.png Graphic file (type png)
<use figuren/vncopstart.png>
Package pdftex.def Info: figuren/vncopstart.png  used on input line 25.
(pdftex.def)             Requested size: 306.71939pt x 36.82933pt.
<figuren/laptopVCS.png, id=274, 530.58224pt x 243.00787pt>
File: figuren/laptopVCS.png Graphic file (type png)
<use figuren/laptopVCS.png>
Package pdftex.def Info: figuren/laptopVCS.png  used on input line 39.
(pdftex.def)             Requested size: 284.80942pt x 130.44733pt.

LaTeX Warning: `!h' float specifier changed to `!ht'.

<figuren/vcsExtSSH.png, id=276, 930.47626pt x 520.94624pt>
File: figuren/vcsExtSSH.png Graphic file (type png)
<use figuren/vcsExtSSH.png>
Package pdftex.def Info: figuren/vcsExtSSH.png  used on input line 52.
(pdftex.def)             Requested size: 262.90614pt x 147.19144pt.

LaTeX Warning: `!h' float specifier changed to `!ht'.

<figuren/extensionIcon.png, id=277, 51.94406pt x 50.43843pt>
File: figuren/extensionIcon.png Graphic file (type png)
<use figuren/extensionIcon.png>
Package pdftex.def Info: figuren/extensionIcon.png  used on input line 60.
(pdftex.def)             Requested size: 14.49985pt x 14.07956pt.
[15

 <./figuren/vncopstart.png>]
<figuren/VNCremoteSSH.png, id=289, 1442.38875pt x 936.49875pt>
File: figuren/VNCremoteSSH.png Graphic file (type png)
<use figuren/VNCremoteSSH.png>
Package pdftex.def Info: figuren/VNCremoteSSH.png  used on input line 69.
(pdftex.def)             Requested size: 262.90614pt x 170.69168pt.
<figuren/VNCInvoerHost.png, id=292, 828.84656pt x 144.54pt>
File: figuren/VNCInvoerHost.png Graphic file (type png)
<use figuren/VNCInvoerHost.png>
Package pdftex.def Info: figuren/VNCInvoerHost.png  used on input line 78.
(pdftex.def)             Requested size: 262.90614pt x 45.84572pt.
 [16 <./figuren/laptopVCS.png> <./figuren/vcsExtSSH.png> <./figuren/extensionIc
on.png> <./figuren/VNCremoteSSH.png>]
<figuren/VSCsshCommand.png, id=310, 833.36343pt x 115.18031pt>
File: figuren/VSCsshCommand.png Graphic file (type png)
<use figuren/VSCsshCommand.png>
Package pdftex.def Info: figuren/VSCsshCommand.png  used on input line 87.
(pdftex.def)             Requested size: 306.71939pt x 42.39282pt.
<figuren/VSCconfigFile.png, id=312, 834.86906pt x 207.77625pt>
File: figuren/VSCconfigFile.png Graphic file (type png)
<use figuren/VSCconfigFile.png>
Package pdftex.def Info: figuren/VSCconfigFile.png  used on input line 95.
(pdftex.def)             Requested size: 306.71939pt x 76.33386pt.
<figuren/VSCcontinue.png, id=314, 832.61063pt x 152.82094pt>
File: figuren/VSCcontinue.png Graphic file (type png)
<use figuren/VSCcontinue.png>
Package pdftex.def Info: figuren/VSCcontinue.png  used on input line 104.
(pdftex.def)             Requested size: 306.71939pt x 56.29567pt.
<figuren/VSCpasswd.png, id=316, 831.85782pt x 115.93312pt>
File: figuren/VSCpasswd.png Graphic file (type png)
<use figuren/VSCpasswd.png>
Package pdftex.def Info: figuren/VSCpasswd.png  used on input line 113.
(pdftex.def)             Requested size: 306.71939pt x 42.74597pt.


LaTeX Warning: `!h' float specifier changed to `!ht'.

<figuren/VSCfout1.png, id=318, 772.38562pt x 171.64125pt>
File: figuren/VSCfout1.png Graphic file (type png)
<use figuren/VSCfout1.png>
Package pdftex.def Info: figuren/VSCfout1.png  used on input line 122.
(pdftex.def)             Requested size: 262.90614pt x 58.42271pt.

LaTeX Warning: `!h' float specifier changed to `!ht'.

<figuren/VSCnewTerminal.png, id=319, 1425.07407pt x 368.87813pt>
File: figuren/VSCnewTerminal.png Graphic file (type png)
<use figuren/VSCnewTerminal.png>
Package pdftex.def Info: figuren/VSCnewTerminal.png  used on input line 131.
(pdftex.def)             Requested size: 262.90614pt x 68.05pt.

LaTeX Warning: `!h' float specifier changed to `!ht'.

[17 <./figuren/VNCInvoerHost.png> <./figuren/VSCsshCommand.png> <./figuren/VSCc
onfigFile.png> <./figuren/VSCcontinue.png>]
LaTeX Font Info:    Trying to load font information for OML+cmr on input line 1
40.

(/usr/share/texlive/texmf-dist/tex/latex/base/omlcmr.fd
File: omlcmr.fd 2019/12/16 v2.5j Standard LaTeX font definitions
)
LaTeX Font Info:    Font shape `OML/cmr/m/n' in size <12> not available
(Font)              Font shape `OML/cmm/m/it' tried instead on input line 140.
File: figuren/VSCiconeExpl.png Graphic file (type png)
<use figuren/VSCiconeExpl.png>
Package pdftex.def Info: figuren/VSCiconeExpl.png  used on input line 154.
(pdftex.def)             Requested size: 14.49995pt x 14.49995pt.
<figuren/VSCopenFolder.png, id=340, 832.61063pt x 456.20438pt>
File: figuren/VSCopenFolder.png Graphic file (type png)
<use figuren/VSCopenFolder.png>
Package pdftex.def Info: figuren/VSCopenFolder.png  used on input line 157.
(pdftex.def)             Requested size: 262.90614pt x 144.05318pt.
<figuren/VSCexplorerveld.png, id=342, 770.88pt x 578.16pt>
File: figuren/VSCexplorerveld.png Graphic file (type png)
<use figuren/VSCexplorerveld.png>
Package pdftex.def Info: figuren/VSCexplorerveld.png  used on input line 167.
(pdftex.def)             Requested size: 262.90614pt x 197.17169pt.


LaTeX Warning: `!h' float specifier changed to `!ht'.


LaTeX Warning: `!h' float specifier changed to `!ht'.

<figuren/VSCmakeFile.png, id=344, 31.61812pt x 29.35968pt>
File: figuren/VSCmakeFile.png Graphic file (type png)
<use figuren/VSCmakeFile.png>
Package pdftex.def Info: figuren/VSCmakeFile.png  used on input line 174.
(pdftex.def)             Requested size: 14.5001pt x 13.46439pt.
[18 <./figuren/VSCpasswd.png> <./figuren/VSCfout1.png> <./figuren/VSCnewTermina
l.png> <./figuren/VSCmakeFile.png>]
Overfull \hbox (23.95178pt too wide) in paragraph at lines 186--188
[]\OT1/cmr/m/n/12 Via git: \OT1/cmr/m/it/12 git clone  - -branch in-tro https:/
/github.com/Johnny63Vi/oopr1.git[][][][][]
 []

[19 <./figuren/VSCopenFolder.png> <./figuren/VSCexplorerveld.png>]
File: figuren/extensionIcon.png Graphic file (type png)
<use figuren/extensionIcon.png>
Package pdftex.def Info: figuren/extensionIcon.png  used on input line 201.
(pdftex.def)             Requested size: 14.49985pt x 14.07956pt.
<figuren/cPlusIcon.png, id=383, 35.23163pt x 30.1125pt>
File: figuren/cPlusIcon.png Graphic file (type png)
<use figuren/cPlusIcon.png>
Package pdftex.def Info: figuren/cPlusIcon.png  used on input line 202.
(pdftex.def)             Requested size: 14.4999pt x 12.39305pt.
<figuren/VSCcompile.png, id=385, 691.08188pt x 398.23781pt>
File: figuren/VSCcompile.png Graphic file (type png)
<use figuren/VSCcompile.png>
Package pdftex.def Info: figuren/VSCcompile.png  used on input line 208.
(pdftex.def)             Requested size: 262.90614pt x 151.50208pt.
<figuren/VSCiconeRunDebug.png, id=386, 46.67438pt x 45.16875pt>
File: figuren/VSCiconeRunDebug.png Graphic file (type png)
<use figuren/VSCiconeRunDebug.png>
Package pdftex.def Info: figuren/VSCiconeRunDebug.png  used on input line 224.
(pdftex.def)             Requested size: 14.49951pt x 14.0318pt.
<figuren/VSCksGDB.png, id=388, 372.64218pt x 142.28156pt>
File: figuren/VSCksGDB.png Graphic file (type png)
<use figuren/VSCksGDB.png>
Package pdftex.def Info: figuren/VSCksGDB.png  used on input line 229.
(pdftex.def)             Requested size: 163.87857pt x 62.5715pt.
<figuren/VSCKsGcc.png, id=389, 425.33907pt x 271.76532pt>
File: figuren/VSCKsGcc.png Graphic file (type png)
<use figuren/VSCKsGcc.png>
Package pdftex.def Info: figuren/VSCKsGcc.png  used on input line 234.
(pdftex.def)             Requested size: 187.31685pt x 119.68492pt.


LaTeX Warning: `!h' float specifier changed to `!ht'.

[20 <./figuren/cPlusIcon.png> <./figuren/VSCcompile.png> <./figuren/VSCiconeRun
Debug.png>]
<figuren/VCRrunDebug.png, id=411, 40.65187pt x 32.37094pt>
File: figuren/VCRrunDebug.png Graphic file (type png)
<use figuren/VCRrunDebug.png>
Package pdftex.def Info: figuren/VCRrunDebug.png  used on input line 247.
(pdftex.def)             Requested size: 14.50005pt x 11.54633pt.
<figuren/VSCdebugVeld.png, id=413, 1640.37843pt x 1023.825pt>
File: figuren/VSCdebugVeld.png Graphic file (type png)
<use figuren/VSCdebugVeld.png>
Package pdftex.def Info: figuren/VSCdebugVeld.png  used on input line 250.
(pdftex.def)             Requested size: 350.5393pt x 218.77457pt.
<figuren/VSCDebugKnoppen.png, id=414, 237.13594pt x 42.91031pt>
File: figuren/VSCDebugKnoppen.png Graphic file (type png)
<use figuren/VSCDebugKnoppen.png>
Package pdftex.def Info: figuren/VSCDebugKnoppen.png  used on input line 255.
(pdftex.def)             Requested size: 80.12943pt x 14.5pt.
)) Excluding 'comment' comment. [21 <./figuren/VSCksGDB.png> <./figuren/VSCKsGc
c.png> <./figuren/VCRrunDebug.png> <./figuren/VSCDebugKnoppen.png> <./figuren/V
SCdebugVeld.png>] (./OOPopdrachten.aux)

LaTeX Warning: There were undefined references.

Package rerunfilecheck Info: File `OOPopdrachten.out' has not changed.
(rerunfilecheck)             Checksum: 336CA053EE4716A9EE95CE7410698F9D;2499.
 ) 
Here is how much of TeX's memory you used:
 18963 strings out of 479647
 305297 string characters out of 5878803
 811143 words of memory out of 5000000
 36427 multiletter control sequences out of 15000+600000
 484029 words of font info for 80 fonts, out of 8000000 for 9000
 350 hyphenation exceptions out of 8191
 60i,12n,63p,1202b,2336s stack positions out of 5000i,500n,10000p,200000b,80000s
{/usr/share/texlive/texmf-dist/fonts/enc/dvips/base/8r.enc} </home/john/.texl
ive2021/texmf-var/fonts/pk/ljfour/jknappen/ec/tcrm1200.600pk></usr/share/texliv
e/texmf-dist/fonts/type1/public/amsfonts/cm/cmbx10.pfb></usr/share/texlive/texm
f-dist/fonts/type1/public/amsfonts/cm/cmbx12.pfb></usr/share/texlive/texmf-dist
/fonts/type1/public/amsfonts/cm/cmmi12.pfb></usr/share/texlive/texmf-dist/fonts
/type1/public/amsfonts/cm/cmr10.pfb></usr/share/texlive/texmf-dist/fonts/type1/
public/amsfonts/cm/cmr12.pfb></usr/share/texlive/texmf-dist/fonts/type1/public/
amsfonts/cm/cmr7.pfb></usr/share/texlive/texmf-dist/fonts/type1/public/amsfonts
/cm/cmr8.pfb></usr/share/texlive/texmf-dist/fonts/type1/public/amsfonts/cm/cmsl
10.pfb></usr/share/texlive/texmf-dist/fonts/type1/public/amsfonts/cm/cmsy10.pfb
></usr/share/texlive/texmf-dist/fonts/type1/public/amsfonts/cm/cmti10.pfb></usr
/share/texlive/texmf-dist/fonts/type1/public/amsfonts/cm/cmti12.pfb></usr/share
/texlive/texmf-dist/fonts/type1/urw/courier/ucrr8a.pfb></usr/share/texlive/texm
f-dist/fonts/type1/urw/courier/ucrro8a.pfb>
Output written on OOPopdrachten.pdf (21 pages, 19125025 bytes).
PDF statistics:
 523 PDF objects out of 1000 (max. 8388607)
 382 compressed objects within 4 object streams
 154 named destinations out of 1000 (max. 500000)
 325 words of extra memory for PDF output out of 10000 (max. 10000000)

